<?xml version="1.0" encoding="UTF-8"?>
<!-- Generated by org.testng.reporters.JUnitReportReporter -->
<testsuite hostname="Juans-MacBook-Pro-2.local" failures="0" tests="9" name="awesomecucumber.runners.MyRunnerTest" time="28.106" errors="0" timestamp="2023-03-14T12:40:13 COT" skipped="0">
  <testcase classname="awesomecucumber.runners.MyRunnerTest" name="runScenario" time="3.663"/>
  <system-out/>
  <testcase classname="awesomecucumber.runners.MyRunnerTest" name="runScenario" time="7.300"/>
  <system-out/>
  <testcase classname="awesomecucumber.runners.MyRunnerTest" name="runScenario" time="1.790"/>
  <system-out/>
  <testcase classname="awesomecucumber.runners.MyRunnerTest" name="runScenario" time="3.558"/>
  <system-out/>
  <testcase classname="awesomecucumber.runners.MyRunnerTest" name="runScenario" time="4.800"/>
  <system-out/>
  <testcase classname="awesomecucumber.runners.MyRunnerTest" name="runScenario" time="1.734"/>
  <system-out/>
  <testcase classname="awesomecucumber.runners.MyRunnerTest" name="runScenario" time="1.769"/>
  <system-out/>
  <testcase classname="awesomecucumber.runners.MyRunnerTest" name="runScenario" time="1.735"/>
  <system-out/>
  <testcase classname="awesomecucumber.runners.MyRunnerTest" name="runScenario" time="1.757"/>
  <system-out/>
</testsuite> <!-- awesomecucumber.runners.MyRunnerTest -->
